00:00:00.289665 VirtualBox GUI VM Selector Window 7.2.2 r170484 linux.amd64 (Sep 24 2025 20:15:03) release log
00:00:00.289667 Log opened 2025-10-15T15:40:40.199923000Z
00:00:00.289668 Build Type: release
00:00:00.289670 OS Product: Linux
00:00:00.289671 OS Release: 6.17.1-arch1-1
00:00:00.289672 OS Version: #1 SMP PREEMPT_DYNAMIC Mon, 06 Oct 2025 18:48:29 +0000
00:00:00.289695 DMI Product Name: X542UQR
00:00:00.289706 DMI Product Version: 1.0       
00:00:00.289712 Firmware type: UEFI
00:00:00.290340 Secure Boot: Disabled
00:00:00.290380 Host RAM: 7820MB (7.6GB) total, 5637MB (5.5GB) available
00:00:00.290383 Executable: /usr/lib/virtualbox/VirtualBox
00:00:00.290384 Process ID: 4703
00:00:00.290384 Package type: LINUX_64BITS_GENERIC (OSE)
00:00:00.290408 Qt version: 6.10.0
00:00:00.291967 GUI: UIMediumEnumerator: Initial medium-enumeration finished!
00:00:00.299345 GUI: UIMediumEnumerator: Medium-enumeration started...
00:00:00.915902 GUI: UIMediumEnumerator: Medium-enumeration finished!
00:00:04.980228 GUI: UIInvisibleWindow::sltFallback: Move event missing. Screen: 0, work area: 959x539 x 800x800
00:00:04.980272 GUI: UIDesktopWidgetWatchdog::sltHandleHostScreenAvailableGeometryCalculated: Screen 0 work area is actually resized to: 959x539 x 800x800
